<?xml version="1.0" encoding="UTF-8"?>
<testng-results skipped="0" failed="1" ignored="0" total="1" passed="0">
  <reporter-output>
  </reporter-output>
  <suite name="Default suite" duration-ms="36172" started-at="2019-08-29T16:06:45Z" finished-at="2019-08-29T16:07:21Z">
    <groups>
    </groups>
    <test name="Default test" duration-ms="36172" started-at="2019-08-29T16:06:45Z" finished-at="2019-08-29T16:07:21Z">
      <class name="Selenium_Tests.HomePageTest">
        <test-method status="PASS" signature="SetUp()[pri:0, instance:Selenium_Tests.HomePageTest@bc8ab5]" name="SetUp" is-config="true" duration-ms="26162" started-at="2019-08-29T16:06:45Z" finished-at="2019-08-29T16:07:11Z">
          <reporter-output>
          </reporter-output>
        </test-method> <!-- SetUp -->
        <test-method status="FAIL" signature="Make_a_purchase()[pri:1, instance:Selenium_Tests.HomePageTest@bc8ab5]" name="Make_a_purchase" duration-ms="9406" started-at="2019-08-29T16:07:11Z" finished-at="2019-08-29T16:07:21Z">
          <exception class="org.openqa.selenium.ElementClickInterceptedException">
            <message>
              <![CDATA[element click intercepted: Element <input type="checkbox" name="cgv" id="cgv" value="1"> is not clickable at point (392, 711). Other element would receive the click: <div class="fancybox-overlay fancybox-overlay-fixed" style="display: block; width: auto; height: auto;">...</div>
  (Session info: chrome=76.0.3809.132)
Build info: version: '3.9.1', revision: '63f7b50', time: '2018-02-07T22:42:28.403Z'
System info: host: 'DESKTOP-UNUJP69', ip: '192.168.1.12', os.name: 'Windows 10', os.arch: 'x86', os.version: '10.0', java.version: '1.8.0_211'
Driver info: org.openqa.selenium.chrome.ChromeDriver
Capabilities {acceptInsecureCerts: false, browserName: chrome, browserVersion: 76.0.3809.132, chrome: {chromedriverVersion: 76.0.3809.68 (420c9498db8ce..., userDataDir: C:\Users\dmc47\AppData\Loca...}, goog:chromeOptions: {debuggerAddress: localhost:55398}, javascriptEnabled: true, networkConnectionEnabled: false, pageLoadStrategy: normal, platform: XP, platformName: XP, proxy: Proxy(), setWindowRect: true, strictFileInteractability: false, timeouts: {implicit: 0, pageLoad: 300000, script: 30000}, unhandledPromptBehavior: dismiss and notify}
Session ID: e70641ebfe215fd0ecadc433b9b3ff37]]>
            </message>
            <full-stacktrace>
              <![CDATA[org.openqa.selenium.ElementClickInterceptedException: element click intercepted: Element <input type="checkbox" name="cgv" id="cgv" value="1"> is not clickable at point (392, 711). Other element would receive the click: <div class="fancybox-overlay fancybox-overlay-fixed" style="display: block; width: auto; height: auto;">...</div>
  (Session info: chrome=76.0.3809.132)
Build info: version: '3.9.1', revision: '63f7b50', time: '2018-02-07T22:42:28.403Z'
System info: host: 'DESKTOP-UNUJP69', ip: '192.168.1.12', os.name: 'Windows 10', os.arch: 'x86', os.version: '10.0', java.version: '1.8.0_211'
Driver info: org.openqa.selenium.chrome.ChromeDriver
Capabilities {acceptInsecureCerts: false, browserName: chrome, browserVersion: 76.0.3809.132, chrome: {chromedriverVersion: 76.0.3809.68 (420c9498db8ce..., userDataDir: C:\Users\dmc47\AppData\Loca...}, goog:chromeOptions: {debuggerAddress: localhost:55398}, javascriptEnabled: true, networkConnectionEnabled: false, pageLoadStrategy: normal, platform: XP, platformName: XP, proxy: Proxy(), setWindowRect: true, strictFileInteractability: false, timeouts: {implicit: 0, pageLoad: 300000, script: 30000}, unhandledPromptBehavior: dismiss and notify}
Session ID: e70641ebfe215fd0ecadc433b9b3ff37
at sun.reflect.NativeConstructorAccessorImpl.newInstance0(Native Method)
at sun.reflect.NativeConstructorAccessorImpl.newInstance(Unknown Source)
at sun.reflect.DelegatingConstructorAccessorImpl.newInstance(Unknown Source)
at java.lang.reflect.Constructor.newInstance(Unknown Source)
at org.openqa.selenium.remote.http.W3CHttpResponseCodec.createException(W3CHttpResponseCodec.java:187)
at org.openqa.selenium.remote.http.W3CHttpResponseCodec.decode(W3CHttpResponseCodec.java:122)
at org.openqa.selenium.remote.http.W3CHttpResponseCodec.decode(W3CHttpResponseCodec.java:49)
at org.openqa.selenium.remote.HttpCommandExecutor.execute(HttpCommandExecutor.java:160)
at org.openqa.selenium.remote.service.DriverCommandExecutor.execute(DriverCommandExecutor.java:83)
at org.openqa.selenium.remote.RemoteWebDriver.execute(RemoteWebDriver.java:601)
at org.openqa.selenium.remote.RemoteWebElement.execute(RemoteWebElement.java:279)
at org.openqa.selenium.remote.RemoteWebElement.click(RemoteWebElement.java:83)
at Selenium_Tests.HomePageTest.Make_a_purchase(HomePageTest.java:101)
at sun.reflect.NativeMethodAccessorImpl.invoke0(Native Method)
at sun.reflect.NativeMethodAccessorImpl.invoke(Unknown Source)
at sun.reflect.DelegatingMethodAccessorImpl.invoke(Unknown Source)
at java.lang.reflect.Method.invoke(Unknown Source)
at org.testng.internal.MethodInvocationHelper.invokeMethod(MethodInvocationHelper.java:124)
at org.testng.internal.Invoker.invokeMethod(Invoker.java:583)
at org.testng.internal.Invoker.invokeTestMethod(Invoker.java:719)
at org.testng.internal.Invoker.invokeTestMethods(Invoker.java:989)
at org.testng.internal.TestMethodWorker.invokeTestMethods(TestMethodWorker.java:125)
at org.testng.internal.TestMethodWorker.run(TestMethodWorker.java:109)
at org.testng.TestRunner.privateRun(TestRunner.java:648)
at org.testng.TestRunner.run(TestRunner.java:505)
at org.testng.SuiteRunner.runTest(SuiteRunner.java:455)
at org.testng.SuiteRunner.runSequentially(SuiteRunner.java:450)
at org.testng.SuiteRunner.privateRun(SuiteRunner.java:415)
at org.testng.SuiteRunner.run(SuiteRunner.java:364)
at org.testng.SuiteRunnerWorker.runSuite(SuiteRunnerWorker.java:52)
at org.testng.SuiteRunnerWorker.run(SuiteRunnerWorker.java:84)
at org.testng.TestNG.runSuitesSequentially(TestNG.java:1208)
at org.testng.TestNG.runSuitesLocally(TestNG.java:1137)
at org.testng.TestNG.runSuites(TestNG.java:1049)
at org.testng.TestNG.run(TestNG.java:1017)
at org.testng.remote.AbstractRemoteTestNG.run(AbstractRemoteTestNG.java:115)
at org.testng.remote.RemoteTestNG.initAndRun(RemoteTestNG.java:251)
at org.testng.remote.RemoteTestNG.main(RemoteTestNG.java:77)
]]>
            </full-stacktrace>
          </exception> <!-- org.openqa.selenium.ElementClickInterceptedException -->
          <reporter-output>
          </reporter-output>
        </test-method> <!-- Make_a_purchase -->
        <test-method status="PASS" signature="tearDown()[pri:0, instance:Selenium_Tests.HomePageTest@bc8ab5]" name="tearDown" is-config="true" duration-ms="586" started-at="2019-08-29T16:07:21Z" finished-at="2019-08-29T16:07:21Z">
          <reporter-output>
          </reporter-output>
        </test-method> <!-- tearDown -->
      </class> <!-- Selenium_Tests.HomePageTest -->
    </test> <!-- Default test -->
  </suite> <!-- Default suite -->
</testng-results>
