<?xml version="1.0" encoding="UTF-8"?>
<testng-results skipped="0" failed="0" ignored="0" total="1" passed="1">
  <reporter-output>
  </reporter-output>
  <suite name="Default suite" duration-ms="28534" started-at="2019-08-21T18:57:12Z" finished-at="2019-08-21T18:57:41Z">
    <groups>
    </groups>
    <test name="Default test" duration-ms="28534" started-at="2019-08-21T18:57:12Z" finished-at="2019-08-21T18:57:41Z">
      <class name="Selenium_Tests.HomePageTest">
        <test-method status="PASS" signature="SetUp()[pri:0, instance:Selenium_Tests.HomePageTest@bc8ab5]" name="SetUp" is-config="true" duration-ms="22047" started-at="2019-08-21T18:57:12Z" finished-at="2019-08-21T18:57:34Z">
          <reporter-output>
          </reporter-output>
        </test-method> <!-- SetUp -->
        <test-method status="PASS" signature="Add_to_cart()[pri:1, instance:Selenium_Tests.HomePageTest@bc8ab5]" name="Add_to_cart" duration-ms="5868" started-at="2019-08-21T18:57:34Z" finished-at="2019-08-21T18:57:40Z">
          <reporter-output>
          </reporter-output>
        </test-method> <!-- Add_to_cart -->
        <test-method status="PASS" signature="tearDown()[pri:0, instance:Selenium_Tests.HomePageTest@bc8ab5]" name="tearDown" is-config="true" duration-ms="601" started-at="2019-08-21T18:57:40Z" finished-at="2019-08-21T18:57:41Z">
          <reporter-output>
          </reporter-output>
        </test-method> <!-- tearDown -->
      </class> <!-- Selenium_Tests.HomePageTest -->
    </test> <!-- Default test -->
  </suite> <!-- Default suite -->
</testng-results>
