<?xml version="1.0" encoding="UTF-8"?>
<testng-results skipped="0" failed="0" ignored="0" total="2" passed="2">
  <reporter-output>
  </reporter-output>
  <suite name="Default suite" duration-ms="33420" started-at="2019-08-30T13:56:57Z" finished-at="2019-08-30T13:57:30Z">
    <groups>
    </groups>
    <test name="Default test" duration-ms="33420" started-at="2019-08-30T13:56:57Z" finished-at="2019-08-30T13:57:30Z">
      <class name="Selenium_Tests.NewTest">
        <test-method status="PASS" signature="SetUp()[pri:0, instance:Selenium_Tests.NewTest@c1670b]" name="SetUp" is-config="true" duration-ms="16149" started-at="2019-08-30T13:56:57Z" finished-at="2019-08-30T13:57:13Z">
          <reporter-output>
          </reporter-output>
        </test-method> <!-- SetUp -->
        <test-method status="PASS" signature="verify_Page_Title()[pri:1, instance:Selenium_Tests.NewTest@c1670b]" name="verify_Page_Title" duration-ms="14" started-at="2019-08-30T13:57:13Z" finished-at="2019-08-30T13:57:13Z">
          <reporter-output>
          </reporter-output>
        </test-method> <!-- verify_Page_Title -->
        <test-method status="PASS" signature="tearDown()[pri:0, instance:Selenium_Tests.NewTest@c1670b]" name="tearDown" is-config="true" duration-ms="590" started-at="2019-08-30T13:57:13Z" finished-at="2019-08-30T13:57:13Z">
          <reporter-output>
          </reporter-output>
        </test-method> <!-- tearDown -->
        <test-method status="PASS" signature="SetUp()[pri:0, instance:Selenium_Tests.NewTest@c1670b]" name="SetUp" is-config="true" duration-ms="15977" started-at="2019-08-30T13:57:13Z" finished-at="2019-08-30T13:57:29Z">
          <reporter-output>
          </reporter-output>
        </test-method> <!-- SetUp -->
        <test-method status="PASS" signature="verify_Your_Logo_Experience_Logo()[pri:2, instance:Selenium_Tests.NewTest@c1670b]" name="verify_Your_Logo_Experience_Logo" duration-ms="72" started-at="2019-08-30T13:57:29Z" finished-at="2019-08-30T13:57:29Z">
          <reporter-output>
          </reporter-output>
        </test-method> <!-- verify_Your_Logo_Experience_Logo -->
        <test-method status="PASS" signature="tearDown()[pri:0, instance:Selenium_Tests.NewTest@c1670b]" name="tearDown" is-config="true" duration-ms="590" started-at="2019-08-30T13:57:29Z" finished-at="2019-08-30T13:57:30Z">
          <reporter-output>
          </reporter-output>
        </test-method> <!-- tearDown -->
      </class> <!-- Selenium_Tests.NewTest -->
    </test> <!-- Default test -->
  </suite> <!-- Default suite -->
</testng-results>
