<?xml version="1.0" encoding="UTF-8"?>
<testng-results skipped="0" failed="0" ignored="0" total="1" passed="1">
  <reporter-output>
  </reporter-output>
  <suite name="Default suite" duration-ms="43287" started-at="2019-09-05T02:11:34 BDT" finished-at="2019-09-05T02:12:17 BDT">
    <groups>
    </groups>
    <test name="Default test" duration-ms="43287" started-at="2019-09-05T02:11:34 BDT" finished-at="2019-09-05T02:12:17 BDT">
      <class name="Selenium_Tests.NewTest">
        <test-method status="PASS" signature="SetUp()[pri:0, instance:Selenium_Tests.NewTest@7ba18f1b]" name="SetUp" is-config="true" duration-ms="33975" started-at="2019-09-05T02:11:34 BDT" finished-at="2019-09-05T02:12:08 BDT">
          <reporter-output>
          </reporter-output>
        </test-method> <!-- SetUp -->
        <test-method status="PASS" signature="incorrect_login()[pri:3, instance:Selenium_Tests.NewTest@7ba18f1b]" name="incorrect_login" duration-ms="8566" started-at="2019-09-05T02:12:08 BDT" finished-at="2019-09-05T02:12:16 BDT">
          <reporter-output>
          </reporter-output>
        </test-method> <!-- incorrect_login -->
        <test-method status="PASS" signature="tearDown()[pri:0, instance:Selenium_Tests.NewTest@7ba18f1b]" name="tearDown" is-config="true" duration-ms="711" started-at="2019-09-05T02:12:16 BDT" finished-at="2019-09-05T02:12:17 BDT">
          <reporter-output>
          </reporter-output>
        </test-method> <!-- tearDown -->
      </class> <!-- Selenium_Tests.NewTest -->
    </test> <!-- Default test -->
  </suite> <!-- Default suite -->
</testng-results>
