<?xml version="1.0" encoding="UTF-8"?>
<testng-results skipped="0" failed="0" ignored="0" total="2" passed="2">
  <reporter-output>
  </reporter-output>
  <suite name="Default suite" duration-ms="55216" started-at="2019-08-19T17:20:39Z" finished-at="2019-08-19T17:21:35Z">
    <groups>
    </groups>
    <test name="Default test" duration-ms="55216" started-at="2019-08-19T17:20:39Z" finished-at="2019-08-19T17:21:35Z">
      <class name="Selenium_Tests.HomePageTest">
        <test-method status="PASS" signature="SetUp()[pri:0, instance:Selenium_Tests.HomePageTest@c1670b]" name="SetUp" is-config="true" duration-ms="25723" started-at="2019-08-19T17:20:39Z" finished-at="2019-08-19T17:21:05Z">
          <reporter-output>
          </reporter-output>
        </test-method> <!-- SetUp -->
        <test-method status="PASS" signature="is_Sign_Out_Working()[pri:1, instance:Selenium_Tests.HomePageTest@c1670b]" name="is_Sign_Out_Working" duration-ms="2432" started-at="2019-08-19T17:21:05Z" finished-at="2019-08-19T17:21:07Z">
          <reporter-output>
          </reporter-output>
        </test-method> <!-- is_Sign_Out_Working -->
        <test-method status="PASS" signature="tearDown()[pri:0, instance:Selenium_Tests.HomePageTest@c1670b]" name="tearDown" is-config="true" duration-ms="594" started-at="2019-08-19T17:21:07Z" finished-at="2019-08-19T17:21:08Z">
          <reporter-output>
          </reporter-output>
        </test-method> <!-- tearDown -->
        <test-method status="PASS" signature="SetUp()[pri:0, instance:Selenium_Tests.HomePageTest@c1670b]" name="SetUp" is-config="true" duration-ms="24351" started-at="2019-08-19T17:21:08Z" finished-at="2019-08-19T17:21:32Z">
          <reporter-output>
          </reporter-output>
        </test-method> <!-- SetUp -->
        <test-method status="PASS" signature="click_On_Personal_info()[pri:2, instance:Selenium_Tests.HomePageTest@c1670b]" name="click_On_Personal_info" duration-ms="1502" started-at="2019-08-19T17:21:32Z" finished-at="2019-08-19T17:21:34Z">
          <reporter-output>
          </reporter-output>
        </test-method> <!-- click_On_Personal_info -->
        <test-method status="PASS" signature="tearDown()[pri:0, instance:Selenium_Tests.HomePageTest@c1670b]" name="tearDown" is-config="true" duration-ms="595" started-at="2019-08-19T17:21:34Z" finished-at="2019-08-19T17:21:35Z">
          <reporter-output>
          </reporter-output>
        </test-method> <!-- tearDown -->
      </class> <!-- Selenium_Tests.HomePageTest -->
    </test> <!-- Default test -->
  </suite> <!-- Default suite -->
</testng-results>
