<?xml version="1.0" encoding="UTF-8"?>
<testng-results skipped="0" failed="0" ignored="0" total="1" passed="1">
  <reporter-output>
  </reporter-output>
  <suite name="Default suite" duration-ms="33235" started-at="2019-09-02T14:22:01Z" finished-at="2019-09-02T14:22:35Z">
    <groups>
    </groups>
    <test name="Default test" duration-ms="33235" started-at="2019-09-02T14:22:01Z" finished-at="2019-09-02T14:22:35Z">
      <class name="Selenium_Tests.HomePageTest">
        <test-method status="PASS" signature="SetUp()[pri:0, instance:Selenium_Tests.HomePageTest@bc8ab5]" name="SetUp" is-config="true" duration-ms="23221" started-at="2019-09-02T14:22:01Z" finished-at="2019-09-02T14:22:25Z">
          <reporter-output>
          </reporter-output>
        </test-method> <!-- SetUp -->
        <test-method status="PASS" signature="remove_from_cart()[pri:1, instance:Selenium_Tests.HomePageTest@bc8ab5]" name="remove_from_cart" duration-ms="9413" started-at="2019-09-02T14:22:25Z" finished-at="2019-09-02T14:22:34Z">
          <reporter-output>
          </reporter-output>
        </test-method> <!-- remove_from_cart -->
        <test-method status="PASS" signature="tearDown()[pri:0, instance:Selenium_Tests.HomePageTest@bc8ab5]" name="tearDown" is-config="true" duration-ms="586" started-at="2019-09-02T14:22:34Z" finished-at="2019-09-02T14:22:35Z">
          <reporter-output>
          </reporter-output>
        </test-method> <!-- tearDown -->
      </class> <!-- Selenium_Tests.HomePageTest -->
    </test> <!-- Default test -->
  </suite> <!-- Default suite -->
</testng-results>
